<?xml version="1.0" encoding="UTF-8"?>
<testsuite name="basicAppium.BasicAppium" tests="1" skipped="0" failures="0" errors="0" timestamp="2022-03-26T14:48:46" hostname="CSALIMLT01625" time="27.223">
  <properties/>
  <testcase name="calculadoraTest()" classname="basicAppium.BasicAppium" time="27.223"/>
  <system-out><![CDATA[]]></system-out>
  <system-err><![CDATA[SLF4J: Failed to load class "org.slf4j.impl.StaticLoggerBinder".
SLF4J: Defaulting to no-operation (NOP) logger implementation
SLF4J: See http://www.slf4j.org/codes.html#StaticLoggerBinder for further details.
]]></system-err>
</testsuite>
